<?xml version="1.0" encoding="UTF-8"?>
<testng-results skipped="0" failed="0" total="1" passed="1">
  <reporter-output>
  </reporter-output>
  <suite name="Suite" duration-ms="12699" started-at="2017-10-19T08:06:47Z" finished-at="2017-10-19T08:06:59Z">
    <groups>
    </groups>
    <test name="Test" duration-ms="12699" started-at="2017-10-19T08:06:47Z" finished-at="2017-10-19T08:06:59Z">
      <class name="jenkinsDemo.Demo">
        <test-method status="PASS" signature="beforeTest()[pri:0, instance:jenkinsDemo.Demo@34033bd0]" name="beforeTest" is-config="true" duration-ms="19" started-at="2017-10-19T13:36:47Z" finished-at="2017-10-19T13:36:47Z">
          <reporter-output>
          </reporter-output>
        </test-method> <!-- beforeTest -->
        <test-method status="PASS" signature="test()[pri:0, instance:jenkinsDemo.Demo@34033bd0]" name="test" duration-ms="10578" started-at="2017-10-19T13:36:47Z" finished-at="2017-10-19T13:36:57Z">
          <reporter-output>
          </reporter-output>
        </test-method> <!-- test -->
        <test-method status="PASS" signature="afterTest()[pri:0, instance:jenkinsDemo.Demo@34033bd0]" name="afterTest" is-config="true" duration-ms="2085" started-at="2017-10-19T13:36:57Z" finished-at="2017-10-19T13:36:59Z">
          <reporter-output>
          </reporter-output>
        </test-method> <!-- afterTest -->
      </class> <!-- jenkinsDemo.Demo -->
    </test> <!-- Test -->
  </suite> <!-- Suite -->
</testng-results>
